[09:56:03] [Paper Plugin Remapper Thread - 2/INFO]: [PluginRemapper] Remapping plugin 'plugins/Backuper-3.0.0.jar'...
[09:56:05] [Paper Plugin Remapper Thread - 2/INFO]: [PluginRemapper] Done remapping plugin 'plugins/Backuper-3.0.0.jar' in 1428ms.
[09:56:09] [ServerMain/INFO]: Environment: Environment[sessionHost=https://sessionserver.mojang.com, servicesHost=https://api.minecraftservices.com, name=PROD]
[09:56:10] [ServerMain/INFO]: Loaded 1175 recipes
[09:56:10] [ServerMain/INFO]: Loaded 1276 advancements
[09:56:11] [Server thread/INFO]: Starting minecraft server version 1.20.6
[09:56:11] [Server thread/INFO]: Loading properties
[09:56:11] [Server thread/INFO]: This server is running Paper version 1.20.6-148-ver/1.20.6@20f5165 (2024-07-02T15:37:33Z) (Implementing API version 1.20.6-R0.1-SNAPSHOT)
[09:56:11] [Server thread/INFO]: Server Ping Player Sample Count: 12
[09:56:11] [Server thread/INFO]: Using 4 threads for Netty based IO
[09:56:12] [Server thread/WARN]: [!] The timings profiler has been enabled but has been scheduled for removal from Paper in the future.
    We recommend installing the spark profiler as a replacement: https://spark.lucko.me/
    For more information please visit: https://github.com/PaperMC/Paper/issues/8948
[09:56:12] [Server thread/INFO]: [ChunkTaskScheduler] Chunk system is using 1 I/O threads, 1 worker threads, and gen parallelism of 1 threads
[09:56:12] [Server thread/INFO]: Default game type: SURVIVAL
[09:56:12] [Server thread/INFO]: Generating keypair
[09:56:12] [Server thread/INFO]: Starting Minecraft server on *:25565
[09:56:12] [Server thread/INFO]: Using epoll channel type
[09:56:12] [Server thread/INFO]: Paper: Using libdeflate (Linux x86_64) compression from Velocity.
[09:56:12] [Server thread/INFO]: Paper: Using OpenSSL 1.1.x (Linux x86_64) cipher from Velocity.
[09:56:13] [Server thread/INFO]: [ViaVersion] Loading server plugin ViaVersion v5.0.1
[09:56:13] [Server thread/INFO]: [ViaVersion] ViaVersion 5.0.1 is now loaded. Registering protocol transformers and injecting...
[09:56:14] [Via-Mappingloader-0/INFO]: [ViaVersion] Loading block connection mappings ...
[09:56:14] [Via-Mappingloader-0/INFO]: [ViaVersion] Using FastUtil Long2ObjectOpenHashMap for block connections
[09:56:15] [Server thread/INFO]: [ViaBackwards] Loading translations...
[09:56:15] [Server thread/INFO]: [ViaBackwards] Registering protocols...
[09:56:16] [Server thread/INFO]: [Backuper] Loading server plugin Backuper v3.0.0
[09:56:16] [Server thread/INFO]: [CommandAPI] Loaded platform NMS_1_20_R4 > NMS_Common > CommandAPIBukkit
[09:56:16] [Server thread/INFO]: [CommandAPI] Hooked into Spigot successfully for Chat/ChatComponents
[09:56:16] [Server thread/INFO]: [CommandAPI] Hooked into Adventure for AdventureChat/AdventureChatComponents
[09:56:16] [Server thread/INFO]: [CommandAPI] Hooked into Paper for paper-specific API implementations
[09:56:16] [Server thread/INFO]: [Chunky] Loading server plugin Chunky v1.4.10
[09:56:16] [Server thread/INFO]: [ViaBackwards] Loading server plugin ViaBackwards v5.0.1
[09:56:16] [Server thread/INFO]: Server permissions file permissions.yml is empty, ignoring it
[09:56:16] [Server thread/WARN]: **** SERVER IS RUNNING IN OFFLINE/INSECURE MODE!
[09:56:16] [Server thread/WARN]: The server will make no attempt to authenticate usernames. Beware.
[09:56:16] [Server thread/WARN]: While this makes the game possible to play without internet access, it also opens up the ability for hackers to connect with any username they choose.
[09:56:16] [Server thread/WARN]: To change this, set "online-mode" to "true" in the server.properties file.
[09:56:16] [Server thread/INFO]: Preparing level "world"
[09:56:17] [Server thread/INFO]: Preparing start region for dimension minecraft:overworld
[09:56:18] [Server thread/INFO]: Time elapsed: 1232 ms
[09:56:18] [Server thread/INFO]: Preparing start region for dimension minecraft:the_nether
[09:56:18] [Server thread/INFO]: Time elapsed: 242 ms
[09:56:18] [Server thread/INFO]: Preparing start region for dimension minecraft:the_end
[09:56:18] [Server thread/INFO]: Time elapsed: 145 ms
[09:56:18] [Server thread/INFO]: [ViaVersion] Enabling ViaVersion v5.0.1
[09:56:18] [Server thread/INFO]: [ViaVersion] ViaVersion detected server version: 1.20.5-1.20.6 (766)
[09:56:18] [Server thread/INFO]: [Backuper] Enabling Backuper v3.0.0
[09:56:18] [Server thread/INFO]: [CommandAPI] Hooked into Paper ServerResourcesReloadedEvent
[09:56:18] [Server thread/INFO]: [Backuper] Loading config...
[09:56:18] [Server thread/INFO]: [Backuper] Config loading completed
[09:56:18] [Server thread/INFO]: [Backuper] Unifying backup names format
[09:56:18] [Server thread/INFO]: [Backuper] Backup names format unification completed
[09:56:19] [Server thread/INFO]: [Backuper] You are using the latest version of the BACKUPER!
[09:56:19] [Server thread/INFO]: [Backuper] 
---------------------------------------------------------------------------
Please, if you find any issues related to the BACKUPER
Create an issue using the link: https://github.com/DVDishka/Backuper/issues
---------------------------------------------------------------------------
[09:56:19] [Server thread/INFO]: [Backuper] Backuper plugin has been enabled!
[09:56:19] [Server thread/INFO]: [Chunky] Enabling Chunky v1.4.10
[09:56:19] [Server thread/INFO]: [ViaBackwards] Enabling ViaBackwards v5.0.1
[09:56:19] [Folia Async Scheduler Thread #0/INFO]: [Backuper] Deleting old backups...
[09:56:19] [Server thread/INFO]: Running delayed init tasks
[09:56:19] [Server thread/INFO]: [CommandAPI] Reloading datapacks...
[09:56:19] [Craft Scheduler Thread - 2 - ViaVersion/INFO]: [ViaVersion] Finished mapping loading, shutting down loader executor!
[09:56:19] [Folia Async Scheduler Thread #0/INFO]: 
------------------------------------------
The DeleteOldBackups task has been started,
you can check the task status using command
/backuper status
------------------------------------------
[09:56:19] [Folia Async Scheduler Thread #0/INFO]: [Backuper] DeleteOldBackups task completed
[09:56:19] [Folia Async Scheduler Thread #0/INFO]: [Backuper] Deleting broken backups...
[09:56:19] [Folia Async Scheduler Thread #0/INFO]: 
------------------------------------------
The DeleteBrokenBackups task has been started,
you can check the task status using command
/backuper status
------------------------------------------
[09:56:19] [Folia Async Scheduler Thread #0/INFO]: [Backuper] DeleteBrokenBackups task completed
[09:56:19] [Folia Async Scheduler Thread #0/INFO]: [Backuper] Initializing auto backup...
[09:56:19] [Folia Async Scheduler Thread #0/INFO]: [Backuper] Auto backup initialization completed
[09:56:22] [Server thread/INFO]: Loaded 1175 recipes
[09:56:22] [Server thread/INFO]: Loaded 1276 advancements
[09:56:23] [Server thread/INFO]: [CommandAPI] Finished reloading datapacks
[09:56:23] [Server thread/INFO]: Done (11.939s)! For help, type "help"
[09:56:23] [Server thread/WARN]: Can't keep up! Is the server overloaded? Running 3399ms or 67 ticks behind
[09:56:23] [Server thread/INFO]: Timings Reset
[09:56:23] [Server thread/INFO]: [Backuper] Server will be backed up in 1 second(s)
[09:56:23] [Folia Async Scheduler Thread #1/INFO]: [Backuper] The backup cycle will be skipped since there were no changes from the previous backup
[10:05:17] [User Authenticator #0/INFO]: UUID of player l_maooo is 2894ba08-3dbe-330a-a49f-6f75d1a1a686
[10:05:17] [Server thread/INFO]: l_maooo joined the game
[10:05:17] [Server thread/INFO]: l_maooo[/[0:0:0:0:0:0:0:1%0]:60652] logged in with entity id 40 at ([world]-89.77485226818149, 90.0, -78.30000001192093)
[10:07:19] [Server thread/INFO]: l_maooo was shot by Skeleton
[10:08:55] [Server thread/INFO]: l_maooo lost connection: Disconnected
[10:08:55] [Server thread/INFO]: l_maooo left the game
[10:11:13] [User Authenticator #1/INFO]: UUID of player l_maooo is 2894ba08-3dbe-330a-a49f-6f75d1a1a686
[10:11:14] [Server thread/INFO]: l_maooo joined the game
[10:11:14] [Server thread/INFO]: l_maooo[/[0:0:0:0:0:0:0:1%0]:60154] logged in with entity id 733 at ([world]-22.381482004412497, 129.0, -40.753295532939916)
[10:11:25] [Server thread/INFO]: l_maooo has made the advancement [Monster Hunter]
[10:12:43] [Server thread/INFO]: l_maooo lost connection: Disconnected
[10:12:43] [Server thread/INFO]: l_maooo left the game
[10:14:15] [Server thread/INFO]: Stopping server
[10:14:15] [Server thread/INFO]: [ViaBackwards] Disabling ViaBackwards v5.0.1
[10:14:15] [Server thread/INFO]: [Chunky] Disabling Chunky v1.4.10
[10:14:15] [Server thread/INFO]: [Backuper] Disabling Backuper v3.0.0
[10:14:15] [Server thread/INFO]: [Backuper] Backuper plugin has been disabled!
[10:14:15] [Server thread/INFO]: [ViaVersion] Disabling ViaVersion v5.0.1
[10:14:15] [Server thread/INFO]: [ViaVersion] ViaVersion is disabling, if this is a reload and you experience issues consider rebooting.
[10:14:15] [Server thread/INFO]: Saving players
[10:14:15] [Server thread/INFO]: Saving worlds
[10:14:15] [Server thread/INFO]: Saving chunks for level 'ServerLevel[world]'/minecraft:overworld
[10:14:15] [Server thread/INFO]: [ChunkHolderManager] Waiting 60s for chunk system to halt for world 'world'
[10:14:15] [Server thread/INFO]: [ChunkHolderManager] Halted chunk system for world 'world'
[10:14:15] [Server thread/INFO]: [ChunkHolderManager] Saving all chunkholders for world 'world'
[10:14:15] [Server thread/INFO]: [ChunkHolderManager] Saved 262 block chunks, 170 entity chunks, 0 poi chunks in world 'world' in 0.33s
[10:14:15] [Server thread/INFO]: ThreadedAnvilChunkStorage (world): All chunks are saved
[10:14:15] [Server thread/INFO]: Saving chunks for level 'ServerLevel[world_nether]'/minecraft:the_nether
[10:14:15] [Server thread/INFO]: [ChunkHolderManager] Waiting 60s for chunk system to halt for world 'world_nether'
[10:14:15] [Server thread/INFO]: [ChunkHolderManager] Halted chunk system for world 'world_nether'
[10:14:15] [Server thread/INFO]: [ChunkHolderManager] Saving all chunkholders for world 'world_nether'
[10:14:15] [Server thread/INFO]: [ChunkHolderManager] Saved 0 block chunks, 6 entity chunks, 0 poi chunks in world 'world_nether' in 0.00s
[10:14:15] [Server thread/INFO]: ThreadedAnvilChunkStorage (DIM-1): All chunks are saved
[10:14:15] [Server thread/INFO]: Saving chunks for level 'ServerLevel[world_the_end]'/minecraft:the_end
[10:14:15] [Server thread/INFO]: [ChunkHolderManager] Waiting 60s for chunk system to halt for world 'world_the_end'
[10:14:15] [Server thread/INFO]: [ChunkHolderManager] Halted chunk system for world 'world_the_end'
[10:14:15] [Server thread/INFO]: [ChunkHolderManager] Saving all chunkholders for world 'world_the_end'
[10:14:15] [Server thread/INFO]: [ChunkHolderManager] Saved 0 block chunks, 10 entity chunks, 0 poi chunks in world 'world_the_end' in 0.00s
[10:14:16] [Server thread/INFO]: ThreadedAnvilChunkStorage (DIM1): All chunks are saved
[10:14:16] [Server thread/INFO]: ThreadedAnvilChunkStorage: All dimensions are saved
[10:14:16] [Server thread/INFO]: Flushing Chunk IO
[10:14:16] [Server thread/INFO]: Closing Thread Pool
[10:14:16] [Server thread/INFO]: Closing Server
